<?xml version="1.0" encoding="UTF-8"?>
<testng-results skipped="0" failed="0" ignored="2" total="3" passed="1">
  <reporter-output>
  </reporter-output>
  <suite name="Default suite" duration-ms="20412" started-at="2020-05-03T23:05:06 IST" finished-at="2020-05-03T23:05:27 IST">
    <groups>
    </groups>
    <test name="Default test" duration-ms="20412" started-at="2020-05-03T23:05:06 IST" finished-at="2020-05-03T23:05:27 IST">
      <class name="com.qa.testCases.HomePageTest">
        <test-method status="PASS" signature="setup()[pri:0, instance:com.qa.testCases.HomePageTest@9a7504c]" name="setup" is-config="true" duration-ms="15584" started-at="2020-05-03T23:05:06 IST" finished-at="2020-05-03T23:05:22 IST">
          <reporter-output>
          </reporter-output>
        </test-method> <!-- setup -->
        <test-method status="PASS" signature="verifyCloseContainerTest()[pri:1, instance:com.qa.testCases.HomePageTest@9a7504c]" name="verifyCloseContainerTest" duration-ms="3557" started-at="2020-05-03T23:05:22 IST" finished-at="2020-05-03T23:05:26 IST">
          <reporter-output>
          </reporter-output>
        </test-method> <!-- verifyCloseContainerTest -->
        <test-method status="PASS" signature="tearDown()[pri:0, instance:com.qa.testCases.HomePageTest@9a7504c]" name="tearDown" is-config="true" duration-ms="1181" started-at="2020-05-03T23:05:26 IST" finished-at="2020-05-03T23:05:27 IST">
          <reporter-output>
          </reporter-output>
        </test-method> <!-- tearDown -->
      </class> <!-- com.qa.testCases.HomePageTest -->
    </test> <!-- Default test -->
  </suite> <!-- Default suite -->
</testng-results>
