<?xml version="1.0" encoding="UTF-8"?>
<testng-results skipped="0" failed="1" ignored="0" total="3" passed="2">
  <reporter-output>
  </reporter-output>
  <suite name="Default suite" duration-ms="88176" started-at="2020-05-04T00:38:36 IST" finished-at="2020-05-04T00:40:05 IST">
    <groups>
    </groups>
    <test name="Default test" duration-ms="88176" started-at="2020-05-04T00:38:36 IST" finished-at="2020-05-04T00:40:05 IST">
      <class name="com.qa.testCases.HomePageTest">
        <test-method status="PASS" signature="setup()[pri:0, instance:com.qa.testCases.HomePageTest@6b9651f3]" name="setup" is-config="true" duration-ms="18980" started-at="2020-05-04T00:38:36 IST" finished-at="2020-05-04T00:38:55 IST">
          <reporter-output>
          </reporter-output>
        </test-method> <!-- setup -->
        <test-method status="FAIL" signature="verifyCloseContainerTest()[pri:1, instance:com.qa.testCases.HomePageTest@6b9651f3]" name="verifyCloseContainerTest" duration-ms="6694" started-at="2020-05-04T00:38:55 IST" finished-at="2020-05-04T00:39:02 IST">
          <exception class="java.lang.NullPointerException">
            <full-stacktrace>
              <![CDATA[java.lang.NullPointerException
at com.qa.testCases.HomePageTest.verifyCloseContainerTest(HomePageTest.java:63)
at sun.reflect.NativeMethodAccessorImpl.invoke0(Native Method)
at sun.reflect.NativeMethodAccessorImpl.invoke(Unknown Source)
at sun.reflect.DelegatingMethodAccessorImpl.invoke(Unknown Source)
at java.lang.reflect.Method.invoke(Unknown Source)
at org.testng.internal.MethodInvocationHelper.invokeMethod(MethodInvocationHelper.java:133)
at org.testng.internal.TestInvoker.invokeMethod(TestInvoker.java:584)
at org.testng.internal.TestInvoker.invokeTestMethod(TestInvoker.java:172)
at org.testng.internal.MethodRunner.runInSequence(MethodRunner.java:46)
at org.testng.internal.TestInvoker$MethodInvocationAgent.invoke(TestInvoker.java:804)
at org.testng.internal.TestInvoker.invokeTestMethods(TestInvoker.java:145)
at org.testng.internal.TestMethodWorker.invokeTestMethods(TestMethodWorker.java:146)
at org.testng.internal.TestMethodWorker.run(TestMethodWorker.java:128)
at java.util.ArrayList.forEach(Unknown Source)
at org.testng.TestRunner.privateRun(TestRunner.java:770)
at org.testng.TestRunner.run(TestRunner.java:591)
at org.testng.SuiteRunner.runTest(SuiteRunner.java:402)
at org.testng.SuiteRunner.runSequentially(SuiteRunner.java:396)
at org.testng.SuiteRunner.privateRun(SuiteRunner.java:355)
at org.testng.SuiteRunner.run(SuiteRunner.java:304)
at org.testng.SuiteRunnerWorker.runSuite(SuiteRunnerWorker.java:53)
at org.testng.SuiteRunnerWorker.run(SuiteRunnerWorker.java:96)
at org.testng.TestNG.runSuitesSequentially(TestNG.java:1180)
at org.testng.TestNG.runSuitesLocally(TestNG.java:1102)
at org.testng.TestNG.runSuites(TestNG.java:1032)
at org.testng.TestNG.run(TestNG.java:1000)
at org.testng.remote.AbstractRemoteTestNG.run(AbstractRemoteTestNG.java:115)
at org.testng.remote.RemoteTestNG.initAndRun(RemoteTestNG.java:251)
at org.testng.remote.RemoteTestNG.main(RemoteTestNG.java:77)
]]>
            </full-stacktrace>
          </exception> <!-- java.lang.NullPointerException -->
          <reporter-output>
          </reporter-output>
        </test-method> <!-- verifyCloseContainerTest -->
        <test-method status="PASS" signature="tearDown()[pri:0, instance:com.qa.testCases.HomePageTest@6b9651f3]" name="tearDown" is-config="true" duration-ms="1293" started-at="2020-05-04T00:39:02 IST" finished-at="2020-05-04T00:39:03 IST">
          <reporter-output>
          </reporter-output>
        </test-method> <!-- tearDown -->
        <test-method status="PASS" signature="setup()[pri:0, instance:com.qa.testCases.HomePageTest@6b9651f3]" name="setup" is-config="true" duration-ms="13775" started-at="2020-05-04T00:39:03 IST" finished-at="2020-05-04T00:39:17 IST">
          <reporter-output>
          </reporter-output>
        </test-method> <!-- setup -->
        <test-method status="PASS" signature="verifySignInTest()[pri:2, instance:com.qa.testCases.HomePageTest@6b9651f3]" name="verifySignInTest" duration-ms="8042" started-at="2020-05-04T00:39:17 IST" finished-at="2020-05-04T00:39:25 IST">
          <reporter-output>
          </reporter-output>
        </test-method> <!-- verifySignInTest -->
        <test-method status="PASS" signature="tearDown()[pri:0, instance:com.qa.testCases.HomePageTest@6b9651f3]" name="tearDown" is-config="true" duration-ms="952" started-at="2020-05-04T00:39:25 IST" finished-at="2020-05-04T00:39:26 IST">
          <reporter-output>
          </reporter-output>
        </test-method> <!-- tearDown -->
        <test-method status="PASS" signature="setup()[pri:0, instance:com.qa.testCases.HomePageTest@6b9651f3]" name="setup" is-config="true" duration-ms="16302" started-at="2020-05-04T00:39:26 IST" finished-at="2020-05-04T00:39:43 IST">
          <reporter-output>
          </reporter-output>
        </test-method> <!-- setup -->
        <test-method status="PASS" signature="verifyCatagoryClickTest()[pri:3, instance:com.qa.testCases.HomePageTest@6b9651f3]" name="verifyCatagoryClickTest" duration-ms="21020" started-at="2020-05-04T00:39:43 IST" finished-at="2020-05-04T00:40:04 IST">
          <reporter-output>
          </reporter-output>
        </test-method> <!-- verifyCatagoryClickTest -->
        <test-method status="PASS" signature="tearDown()[pri:0, instance:com.qa.testCases.HomePageTest@6b9651f3]" name="tearDown" is-config="true" duration-ms="1011" started-at="2020-05-04T00:40:04 IST" finished-at="2020-05-04T00:40:05 IST">
          <reporter-output>
          </reporter-output>
        </test-method> <!-- tearDown -->
      </class> <!-- com.qa.testCases.HomePageTest -->
    </test> <!-- Default test -->
  </suite> <!-- Default suite -->
</testng-results>
