<?xml version="1.0" encoding="UTF-8"?>
<!-- Generated by org.testng.reporters.JUnitXMLReporter -->
<testsuite hostname="Raguraman" ignored="2" name="Default test" tests="1" failures="0" timestamp="2020-05-03T23:05:27 IST" time="20.412" errors="0">
  <testcase name="verifyCloseContainerTest" time="3.557" classname="com.qa.testCases.HomePageTest"/>
  <testcase name="verifyCatagoryClickTest" time="0.0" classname="com.qa.testCases.HomePageTest">
    <ignored/>
  </testcase> <!-- verifyCatagoryClickTest -->
  <testcase name="verifySignInTest" time="0.0" classname="com.qa.testCases.HomePageTest">
    <ignored/>
  </testcase> <!-- verifySignInTest -->
</testsuite> <!-- Default test -->
